Using pre-set license

 COMMAND LINE ARGUMENTS:
/Applications/Unity/Hub/Editor/2020.3.11f1/Unity.app/Contents/MacOS/Unity
-adb2
-batchMode
-noUpm
-name
AssetImportWorker0
-projectPath
/Users/rikoshiomoto/Documents/GitHub/Demo002/DemoGame002
-logFile
Logs/AssetImportWorker0.log
-srvPort
50295
Successfully changed project path to: /Users/rikoshiomoto/Documents/GitHub/Demo002/DemoGame002
/Users/rikoshiomoto/Documents/GitHub/Demo002/DemoGame002
Using Asset Import Pipeline V2.
Refreshing native plugins compatible for Editor in 124.89 ms, found 6 plugins.
Preloading 1 native plugins for Editor in 28.87 ms.
Initialize engine version: 2020.3.11f1 (99c7afb366b3)
[Subsystems] Discovering subsystems at path /Applications/Unity/Hub/Editor/2020.3.11f1/Unity.app/Contents/Resources/UnitySubsystems
[Subsystems] Discovering subsystems at path /Users/rikoshiomoto/Documents/GitHub/Demo002/DemoGame002/Assets
GfxDevice: creating device client; threaded=0
2021-09-14 15:38:17.020 Unity[24037:879557] Color LCD preferred device: Intel(R) Iris(TM) Plus Graphics 640 (low power)
2021-09-14 15:38:17.020 Unity[24037:879557] Metal devices available: 1
2021-09-14 15:38:17.020 Unity[24037:879557] 0: Intel(R) Iris(TM) Plus Graphics 640 (low power)
2021-09-14 15:38:17.022 Unity[24037:879557] Using device Intel(R) Iris(TM) Plus Graphics 640 (low power)
Initializing Metal device caps: Intel(R) Iris(TM) Plus Graphics 640
Shader 'Oculus/OVRMRCameraFrameLit': fallback shader 'Alpha-Diffuse' not found
Initialize mono
Mono path[0] = '/Applications/Unity/Hub/Editor/2020.3.11f1/Unity.app/Contents/Managed'
Mono path[1] = '/Applications/Unity/Hub/Editor/2020.3.11f1/Unity.app/Contents/MonoBleedingEdge/lib/mono/unityjit'
Mono config path = '/Applications/Unity/Hub/Editor/2020.3.11f1/Unity.app/Contents/MonoBleedingEdge/etc'
Using monoOptions --debugger-agent=transport=dt_socket,embedding=1,server=y,suspend=n,address=127.0.0.1:56037
Begin MonoManager ReloadAssembly
Registering precompiled unity dll's ...
Register platform support module: /Applications/Unity/Hub/Editor/2020.3.11f1/PlaybackEngines/WebGLSupport/UnityEditor.WebGL.Extensions.dll
Register platform support module: /Applications/Unity/Hub/Editor/2020.3.11f1/Unity.app/Contents/PlaybackEngines/MacStandaloneSupport/UnityEditor.OSXStandalone.Extensions.dll
Registered in 0.003673 seconds.
Native extension for OSXStandalone target not found
Native extension for WebGL target not found
Refreshing native plugins compatible for Editor in 57.92 ms, found 6 plugins.
Preloading 1 native plugins for Editor in 0.55 ms.
Mono: successfully reloaded assembly
- Completed reload, in  6.760 seconds
Platform modules already initialized, skipping
Registering precompiled user dll's ...
Registered in 0.022868 seconds.
Begin MonoManager ReloadAssembly
Native extension for OSXStandalone target not found
Native extension for WebGL target not found
Refreshing native plugins compatible for Editor in 0.97 ms, found 6 plugins.
Preloading 1 native plugins for Editor in 0.57 ms.
Mono: successfully reloaded assembly
- Completed reload, in  1.602 seconds
Platform modules already initialized, skipping
========================================================================
Worker process is ready to serve import requests
Shader 'Oculus/OVRMRCameraFrameLit': fallback shader 'Alpha-Diffuse' not found
Launching external process: /Applications/Unity/Hub/Editor/2020.3.11f1/Unity.app/Contents/Tools/UnityShaderCompiler
Launched and connected shader compiler UnityShaderCompiler after 0.04 seconds
Refreshing native plugins compatible for Editor in 0.72 ms, found 6 plugins.
Preloading 1 native plugins for Editor in 0.50 ms.
Unloading 2079 Unused Serialized files (Serialized files now loaded: 0)
System memory in use before: 180.5 MB.
System memory in use after: 180.2 MB.

Unloading 45 unused Assets to reduce memory usage. Loaded Objects now: 2494.
Total: 2.773933 ms (FindLiveObjects: 0.259727 ms CreateObjectMapping: 0.103261 ms MarkObjects: 2.030276 ms  DeleteObjects: 0.379635 ms)

========================================================================
Received Import Request.
  path: Assets/Prefabs/Mon_00 1.prefab
  artifactKey: Guid(3ca2a1d60b0e54bdf95cb6f59fd97953) Importer(815301076,1909f56bfc062723c751e8b465ee728b)
Start importing Assets/Prefabs/Mon_00 1.prefab using Guid(3ca2a1d60b0e54bdf95cb6f59fd97953) Importer(815301076,1909f56bfc062723c751e8b465ee728b) WARNING: RGBA Compressed ASTC6X6 sRGB format is not supported, decompressing texture
WARNING: RGBA Compressed ASTC6X6 sRGB format is not supported, decompressing texture
WARNING: RGBA Compressed ASTC6X6 UNorm format is not supported, decompressing texture
WARNING: RGBA Compressed ASTC6X6 sRGB format is not supported, decompressing texture
 -> (artifact id: '8a4e609313f62c0b77d34b93e4a2948d') in 1.132155 seconds
  Import took 1.140503 seconds .

========================================================================
Received Prepare
Shader 'Oculus/OVRMRCameraFrameLit': fallback shader 'Alpha-Diffuse' not found
Refreshing native plugins compatible for Editor in 32.90 ms, found 6 plugins.
Preloading 1 native plugins for Editor in 0.52 ms.
Unloading 37 Unused Serialized files (Serialized files now loaded: 0)
System memory in use before: 169.7 MB.
System memory in use after: 169.4 MB.

Unloading 38 unused Assets to reduce memory usage. Loaded Objects now: 2502.
Total: 3.209058 ms (FindLiveObjects: 0.230453 ms CreateObjectMapping: 0.085399 ms MarkObjects: 2.509219 ms  DeleteObjects: 0.383223 ms)

